<?xml version="1.0" encoding="UTF-8"?>
<testng-results skipped="0" failed="0" total="1" passed="1">
  <reporter-output>
  </reporter-output>
  <suite name="Default suite" duration-ms="12141" started-at="2018-03-05T00:48:23Z" finished-at="2018-03-05T00:48:35Z">
    <groups>
    </groups>
    <test name="Default test" duration-ms="12141" started-at="2018-03-05T00:48:23Z" finished-at="2018-03-05T00:48:35Z">
      <class name="sikuli_test.PageTest">
        <test-method status="PASS" signature="sikuli()[pri:0, instance:sikuli_test.PageTest@b97c004]" name="sikuli" duration-ms="12133" started-at="2018-03-05T11:48:23Z" finished-at="2018-03-05T11:48:35Z">
          <reporter-output>
          </reporter-output>
        </test-method> <!-- sikuli -->
      </class> <!-- sikuli_test.PageTest -->
    </test> <!-- Default test -->
  </suite> <!-- Default suite -->
</testng-results>
